Started GET "/" for ::1 at 2019-07-07 21:11:35 +0530
Processing by ApplicationController#hello as HTML
  Rendering html template
  Rendered html template (0.0ms)
Completed 200 OK in 146ms (Views: 3.7ms)


Started GET "/" for 127.0.0.1 at 2019-07-07 21:11:48 +0530
Processing by ApplicationController#hello as */*
  Rendering html template
  Rendered html template (0.0ms)
Completed 200 OK in 1ms (Views: 0.3ms)


Started GET "/" for 127.0.0.1 at 2019-07-07 21:11:55 +0530
Processing by ApplicationController#hello as */*
  Rendering html template
  Rendered html template (0.0ms)
Completed 200 OK in 1ms (Views: 0.4ms)


Started GET "/" for ::1 at 2019-07-07 21:14:20 +0530
Processing by ApplicationController#hello as HTML
  Rendering html template
  Rendered html template (0.1ms)
Completed 200 OK in 5ms (Views: 3.6ms)


Started GET "/" for ::1 at 2019-07-07 21:16:24 +0530
Processing by ApplicationController#hello as HTML
  Rendering html template
  Rendered html template (0.0ms)
Completed 200 OK in 134ms (Views: 3.4ms)


